<?xml version="1.0" encoding="UTF-8"?>
<!-- Generated by org.testng.reporters.JUnitReportReporter -->
<testsuite hostname="BRTL039" name="tests.ExperienceAPI" tests="1" failures="0" timestamp="14 Mar 2019 13:46:47 GMT" time="4.261" errors="0">
  <testcase name="TC_001" time="4.261" classname="tests.ExperienceAPI"/>
</testsuite> <!-- tests.ExperienceAPI -->
